<?xml version="1.0" encoding="UTF-8"?>
<testng-results ignored="0" total="1" passed="1" failed="0" skipped="0">
  <reporter-output>
    <line>
      <![CDATA[habibaummey78@gmail.com <-----> has been put into <-----> [[ChromeDriver: chrome on windows (ffef264b8ce1d48ffe6fa9fb786bb2dd)] -> xpath: //input[@id= 'SignIn-emailInput']]<br>]]>
    </line>
    <line>
      <![CDATA[Familyissweet1@ <-----> has been put into <-----> [[ChromeDriver: chrome on windows (ffef264b8ce1d48ffe6fa9fb786bb2dd)] -> xpath:  //input[@id='SignIn-passwordInput']]<br>]]>
    </line>
    <line>
      <![CDATA[[[ChromeDriver: chrome on windows (ffef264b8ce1d48ffe6fa9fb786bb2dd)] -> id: SignIn-rememberMe]<---------> has been clicked<br>]]>
    </line>
    <line>
      <![CDATA[[[ChromeDriver: chrome on windows (ffef264b8ce1d48ffe6fa9fb786bb2dd)] -> id: SignIn-submitButton]<---------> has been clicked<br>]]>
    </line>
  </reporter-output>
  <suite started-at="2023-12-16T23:37:04 EST" name="Default suite" finished-at="2023-12-16T23:37:13 EST" duration-ms="8795">
    <groups>
    </groups>
    <test started-at="2023-12-16T23:37:04 EST" name="Default test" finished-at="2023-12-16T23:37:13 EST" duration-ms="8795">
      <class name="pages.HomePageTest">
        <test-method is-config="true" signature="setUP()[pri:0, instance:pages.HomePageTest@72e5a8e]" started-at="2023-12-16T23:37:04 EST" name="setUP" finished-at="2023-12-16T23:37:12 EST" duration-ms="7679" status="PASS">
          <reporter-output>
          </reporter-output>
        </test-method> <!-- setUP -->
        <test-method signature="inputTextInUserIdAndPasswordFieldThenClickLoginButtonTest()[pri:0, instance:pages.HomePageTest@72e5a8e]" started-at="2023-12-16T23:37:12 EST" name="inputTextInUserIdAndPasswordFieldThenClickLoginButtonTest" finished-at="2023-12-16T23:37:13 EST" duration-ms="849" status="PASS">
          <reporter-output>
            <line>
              <![CDATA[habibaummey78@gmail.com <-----> has been put into <-----> [[ChromeDriver: chrome on windows (ffef264b8ce1d48ffe6fa9fb786bb2dd)] -> xpath: //input[@id= 'SignIn-emailInput']]<br>]]>
            </line>
            <line>
              <![CDATA[Familyissweet1@ <-----> has been put into <-----> [[ChromeDriver: chrome on windows (ffef264b8ce1d48ffe6fa9fb786bb2dd)] -> xpath:  //input[@id='SignIn-passwordInput']]<br>]]>
            </line>
            <line>
              <![CDATA[[[ChromeDriver: chrome on windows (ffef264b8ce1d48ffe6fa9fb786bb2dd)] -> id: SignIn-rememberMe]<---------> has been clicked<br>]]>
            </line>
            <line>
              <![CDATA[[[ChromeDriver: chrome on windows (ffef264b8ce1d48ffe6fa9fb786bb2dd)] -> id: SignIn-submitButton]<---------> has been clicked<br>]]>
            </line>
          </reporter-output>
        </test-method> <!-- inputTextInUserIdAndPasswordFieldThenClickLoginButtonTest -->
        <test-method is-config="true" signature="tearUp()[pri:0, instance:pages.HomePageTest@72e5a8e]" started-at="2023-12-16T23:37:13 EST" name="tearUp" finished-at="2023-12-16T23:37:13 EST" duration-ms="219" status="PASS">
          <reporter-output>
          </reporter-output>
        </test-method> <!-- tearUp -->
      </class> <!-- pages.HomePageTest -->
    </test> <!-- Default test -->
  </suite> <!-- Default suite -->
</testng-results>
